<?xml version="1.0" encoding="UTF-8"?>
<!-- Generated by org.testng.reporters.JUnitReportReporter -->
<testsuite hostname="DESKTOP-JIP4V5I" failures="0" tests="1" name="Test.loginTest" time="0.538" errors="0" timestamp="27 Jan 2023 03:55:34 GMT" skipped="0">
  <testcase classname="Test.loginTest" name="login" time="0.538"/>
</testsuite> <!-- Test.loginTest -->
